#! /usr/local/bin/vvp
:ivl_version "11.0 (devel)" "(s20150603-841-gcf44f05c)";
:ivl_delay_selection "TYPICAL";
:vpi_time_precision + 0;
:vpi_module "/usr/local/lib/ivl/system.vpi";
:vpi_module "/usr/local/lib/ivl/vhdl_sys.vpi";
:vpi_module "/usr/local/lib/ivl/vhdl_textio.vpi";
:vpi_module "/usr/local/lib/ivl/v2005_math.vpi";
:vpi_module "/usr/local/lib/ivl/va_math.vpi";
S_0x1bd1180 .scope module, "processor_tb" "processor_tb" 2 1;
 .timescale 0 0;
S_0x1badda0 .scope module, "cpu" "processor" 2 9, 3 1 0, S_0x1bd1180;
 .timescale 0 0;
    .scope S_0x1bd1180;
T_0 ;
    %vpi_call 2 5 "$dumpfile", "waveform.vcd" {0 0 0};
    %vpi_call 2 6 "$dumpvars", 32'sb00000000000000000000000000000000, S_0x1bd1180 {0 0 0};
    %end;
    .thread T_0;
# The file index is used to find the file name in the following table.
:file_names 4;
    "N/A";
    "<interactive>";
    "../testbench/processor_tb.v";
    "../rtl/processor.v";
